# JRE version: Java(TM) SE Runtime Environment (13.0.2+8) (build 13.0.2+8)
# Java VM: Java HotSpot(TM) 64-Bit Server VM (13.0.2+8, mixed mode, sharing, tiered, compressed oops, g1 gc, linux-amd64)
Heap:
 garbage-first heap   total 509952K, used 124675K [0x0000000086200000, 0x0000000100000000)
  region size 1024K, 2 young (2048K), 2 survivors (2048K)
 Metaspace       used 59694K, capacity 61172K, committed 61468K, reserved 1101824K
  class space    used 8277K, capacity 8812K, committed 8812K, reserved 1048576K
GC Heap History (20 events):
Event: 29,714 GC heap after
{Heap after GC invocations=22 (full 0):
 garbage-first heap   total 152576K, used 34916K [0x0000000086200000, 0x0000000100000000)
  region size 1024K, 2 young (2048K), 2 survivors (2048K)
 Metaspace       used 59535K, capacity 60978K, committed 61212K, reserved 1101824K
  class space    used 8264K, capacity 8799K, committed 8812K, reserved 1048576K
}
Event: 34,618 GC heap before
{Heap before GC invocations=22 (full 0):
 garbage-first heap   total 152576K, used 107620K [0x0000000086200000, 0x0000000100000000)
  region size 1024K, 73 young (74752K), 2 survivors (2048K)
 Metaspace       used 59575K, capacity 60996K, committed 61212K, reserved 1101824K
  class space    used 8268K, capacity 8802K, committed 8812K, reserved 1048576K
}
Event: 34,689 GC heap after
{Heap after GC invocations=23 (full 0):
 garbage-first heap   total 152576K, used 36595K [0x0000000086200000, 0x0000000100000000)
  region size 1024K, 4 young (4096K), 4 survivors (4096K)
 Metaspace       used 59575K, capacity 60996K, committed 61212K, reserved 1101824K
  class space    used 8268K, capacity 8802K, committed 8812K, reserved 1048576K
}
Event: 37,599 GC heap before
{Heap before GC invocations=23 (full 0):
 garbage-first heap   total 152576K, used 107251K [0x0000000086200000, 0x0000000100000000)
  region size 1024K, 73 young (74752K), 4 survivors (4096K)
 Metaspace       used 59585K, capacity 61011K, committed 61212K, reserved 1101824K
  class space    used 8270K, capacity 8805K, committed 8812K, reserved 1048576K
}
Event: 37,684 GC heap after
{Heap after GC invocations=24 (full 0):
 garbage-first heap   total 185344K, used 35694K [0x0000000086200000, 0x0000000100000000)
  region size 1024K, 3 young (3072K), 3 survivors (3072K)
 Metaspace       used 59585K, capacity 61011K, committed 61212K, reserved 1101824K
  class space    used 8270K, capacity 8805K, committed 8812K, reserved 1048576K
}
Event: 41,703 GC heap before
{Heap before GC invocations=24 (full 0):
 garbage-first heap   total 185344K, used 119662K [0x0000000086200000, 0x0000000100000000)
  region size 1024K, 85 young (87040K), 3 survivors (3072K)
 Metaspace       used 59585K, capacity 61011K, committed 61212K, reserved 1101824K
  class space    used 8270K, capacity 8805K, committed 8812K, reserved 1048576K
}
Event: 41,841 GC heap after
{Heap after GC invocations=25 (full 0):
 garbage-first heap   total 185344K, used 36360K [0x0000000086200000, 0x0000000100000000)
  region size 1024K, 4 young (4096K), 4 survivors (4096K)
 Metaspace       used 59585K, capacity 61011K, committed 61212K, reserved 1101824K
  class space    used 8270K, capacity 8805K, committed 8812K, reserved 1048576K
}
Event: 63,374 GC heap before
{Heap before GC invocations=25 (full 0):
 garbage-first heap   total 185344K, used 130568K [0x0000000086200000, 0x0000000100000000)
  region size 1024K, 95 young (97280K), 4 survivors (4096K)
 Metaspace       used 59652K, capacity 61102K, committed 61212K, reserved 1101824K
  class space    used 8276K, capacity 8811K, committed 8812K, reserved 1048576K
}
Event: 63,998 GC heap after
{Heap after GC invocations=26 (full 0):
 garbage-first heap   total 185344K, used 70958K [0x0000000086200000, 0x0000000100000000)
  region size 1024K, 12 young (12288K), 12 survivors (12288K)
 Metaspace       used 59652K, capacity 61102K, committed 61212K, reserved 1101824K
  class space    used 8276K, capacity 8811K, committed 8812K, reserved 1048576K
}
Event: 68,075 GC heap before
{Heap before GC invocations=26 (full 0):
 garbage-first heap   total 185344K, used 129326K [0x0000000086200000, 0x0000000100000000)
  region size 1024K, 67 young (68608K), 12 survivors (12288K)
 Metaspace       used 59694K, capacity 61172K, committed 61468K, reserved 1101824K
  class space    used 8277K, capacity 8812K, committed 8812K, reserved 1048576K
}
Event: 68,365 GC heap after
{Heap after GC invocations=27 (full 0):
 garbage-first heap   total 185344K, used 95659K [0x0000000086200000, 0x0000000100000000)
  region size 1024K, 9 young (9216K), 9 survivors (9216K)
 Metaspace       used 59694K, capacity 61172K, committed 61468K, reserved 1101824K
  class space    used 8277K, capacity 8812K, committed 8812K, reserved 1048576K
}
Event: 68,905 GC heap before
{Heap before GC invocations=27 (full 0):
 garbage-first heap   total 185344K, used 116139K [0x0000000086200000, 0x0000000100000000)
  region size 1024K, 30 young (30720K), 9 survivors (9216K)
 Metaspace       used 59694K, capacity 61172K, committed 61468K, reserved 1101824K
  class space    used 8277K, capacity 8812K, committed 8812K, reserved 1048576K
}
Event: 69,080 GC heap after
{Heap after GC invocations=28 (full 0):
 garbage-first heap   total 254976K, used 103339K [0x0000000086200000, 0x0000000100000000)
  region size 1024K, 6 young (6144K), 6 survivors (6144K)
 Metaspace       used 59694K, capacity 61172K, committed 61468K, reserved 1101824K
  class space    used 8277K, capacity 8812K, committed 8812K, reserved 1048576K
}
Event: 70,680 GC heap before
{Heap before GC invocations=29 (full 0):
 garbage-first heap   total 254976K, used 127915K [0x0000000086200000, 0x0000000100000000)
  region size 1024K, 29 young (29696K), 6 survivors (6144K)
 Metaspace       used 59694K, capacity 61172K, committed 61468K, reserved 1101824K
  class space    used 8277K, capacity 8812K, committed 8812K, reserved 1048576K
}
Event: 71,877 GC heap after
{Heap after GC invocations=30 (full 0):
 garbage-first heap   total 254976K, used 113067K [0x0000000086200000, 0x0000000100000000)
  region size 1024K, 4 young (4096K), 4 survivors (4096K)
 Metaspace       used 59694K, capacity 61172K, committed 61468K, reserved 1101824K
  class space    used 8277K, capacity 8812K, committed 8812K, reserved 1048576K
}
Event: 72,671 GC heap before
{Heap before GC invocations=30 (full 0):
 garbage-first heap   total 254976K, used 121259K [0x0000000086200000, 0x0000000100000000)
  region size 1024K, 12 young (12288K), 4 survivors (4096K)
 Metaspace       used 59694K, capacity 61172K, committed 61468K, reserved 1101824K
  class space    used 8277K, capacity 8812K, committed 8812K, reserved 1048576K
}
Event: 73,640 GC heap after
{Heap after GC invocations=31 (full 0):
 garbage-first heap   total 254976K, used 116566K [0x0000000086200000, 0x0000000100000000)
  region size 1024K, 2 young (2048K), 2 survivors (2048K)
 Metaspace       used 59694K, capacity 61172K, committed 61468K, reserved 1101824K
  class space    used 8277K, capacity 8812K, committed 8812K, reserved 1048576K
}
Event: 78,331 GC heap before
{Heap before GC invocations=31 (full 0):
 garbage-first heap   total 254976K, used 125782K [0x0000000086200000, 0x0000000100000000)
  region size 1024K, 12 young (12288K), 2 survivors (2048K)
 Metaspace       used 59694K, capacity 61172K, committed 61468K, reserved 1101824K
  class space    used 8277K, capacity 8812K, committed 8812K, reserved 1048576K
}
Event: 79,658 GC heap after
{Heap after GC invocations=32 (full 0):
 garbage-first heap   total 254976K, used 121033K [0x0000000086200000, 0x0000000100000000)
  region size 1024K, 2 young (2048K), 2 survivors (2048K)
 Metaspace       used 59694K, capacity 61172K, committed 61468K, reserved 1101824K
  class space    used 8277K, capacity 8812K, committed 8812K, reserved 1048576K
}
Event: 80,708 GC heap before
{Heap before GC invocations=32 (full 0):
 garbage-first heap   total 254976K, used 131273K [0x0000000086200000, 0x0000000100000000)
  region size 1024K, 12 young (12288K), 2 survivors (2048K)
 Metaspace       used 59694K, capacity 61172K, committed 61468K, reserved 1101824K
  class space    used 8277K, capacity 8812K, committed 8812K, reserved 1048576K
}

